CRITICAL - 2024-12-13 05:34:55 --> ErrorException: Undefined variable $item
[Method: GET, Route: toko]
in APPPATH\Views\user\navbar.php on line 74.
 1 APPPATH\Views\user\navbar.php(74): CodeIgniter\Debug\Exceptions->errorHandler(2, 'Undefined variable $item', 'C:\\xampp\\htdocs\\project\\app\\Views\\user\\navbar.php', 74)
 2 APPPATH\Views\user\tampilan.php(19): include('C:\\xampp\\htdocs\\project\\app\\Views\\user\\navbar.php')
 3 SYSTEMPATH\View\View.php(234): include('C:\\xampp\\htdocs\\project\\app\\Views\\user\\tampilan.php')
 4 SYSTEMPATH\View\View.php(237): CodeIgniter\View\View->CodeIgniter\View\{closure}()
 5 SYSTEMPATH\Common.php(1171): CodeIgniter\View\View->render('user/tampilan', [], true)
 6 APPPATH\Controllers\Toko.php(30): view('user/tampilan', [...])
 7 SYSTEMPATH\CodeIgniter.php(933): App\Controllers\Toko->tampilan()
 8 SYSTEMPATH\CodeIgniter.php(509): CodeIgniter\CodeIgniter->runController(Object(App\Controllers\Toko))
 9 SYSTEMPATH\CodeIgniter.php(355): CodeIgniter\CodeIgniter->handleRequest(null, Object(Config\Cache), false)
10 SYSTEMPATH\Boot.php(325): CodeIgniter\CodeIgniter->run()
11 SYSTEMPATH\Boot.php(67): CodeIgniter\Boot::runCodeIgniter(Object(CodeIgniter\CodeIgniter))
12 FCPATH\index.php(56): CodeIgniter\Boot::bootWeb(Object(Config\Paths))
INFO - 2024-12-13 05:40:27 --> Session: Class initialized using 'CodeIgniter\Session\Handlers\FileHandler' driver.
CRITICAL - 2024-12-13 05:40:27 --> ErrorException: Undefined variable $cartItem
[Method: GET, Route: toko]
in APPPATH\Views\user\navbar.php on line 74.
 1 APPPATH\Views\user\navbar.php(74): CodeIgniter\Debug\Exceptions->errorHandler(2, 'Undefined variable $cartItem', 'C:\\xampp\\htdocs\\project\\app\\Views\\user\\navbar.php', 74)
 2 APPPATH\Views\user\tampilan.php(19): include('C:\\xampp\\htdocs\\project\\app\\Views\\user\\navbar.php')
 3 SYSTEMPATH\View\View.php(234): include('C:\\xampp\\htdocs\\project\\app\\Views\\user\\tampilan.php')
 4 SYSTEMPATH\View\View.php(237): CodeIgniter\View\View->CodeIgniter\View\{closure}()
 5 SYSTEMPATH\Common.php(1171): CodeIgniter\View\View->render('user/tampilan', [], true)
 6 APPPATH\Controllers\Toko.php(30): view('user/tampilan', [...])
 7 SYSTEMPATH\CodeIgniter.php(933): App\Controllers\Toko->tampilan()
 8 SYSTEMPATH\CodeIgniter.php(509): CodeIgniter\CodeIgniter->runController(Object(App\Controllers\Toko))
 9 SYSTEMPATH\CodeIgniter.php(355): CodeIgniter\CodeIgniter->handleRequest(null, Object(Config\Cache), false)
10 SYSTEMPATH\Boot.php(325): CodeIgniter\CodeIgniter->run()
11 SYSTEMPATH\Boot.php(67): CodeIgniter\Boot::runCodeIgniter(Object(CodeIgniter\CodeIgniter))
12 FCPATH\index.php(56): CodeIgniter\Boot::bootWeb(Object(Config\Paths))
INFO - 2024-12-13 05:41:15 --> Session: Class initialized using 'CodeIgniter\Session\Handlers\FileHandler' driver.
INFO - 2024-12-13 05:41:24 --> Session: Class initialized using 'CodeIgniter\Session\Handlers\FileHandler' driver.
CRITICAL - 2024-12-13 05:59:01 --> ArgumentCountError: Too few arguments to function App\Controllers\Toko::checkout(), 0 passed in C:\xampp\htdocs\project\system\CodeIgniter.php on line 933 and exactly 1 expected
[Method: GET, Route: toko/checkout]
in APPPATH\Controllers\Toko.php on line 157.
 1 SYSTEMPATH\CodeIgniter.php(933): App\Controllers\Toko->checkout()
 2 SYSTEMPATH\CodeIgniter.php(509): CodeIgniter\CodeIgniter->runController(Object(App\Controllers\Toko))
 3 SYSTEMPATH\CodeIgniter.php(355): CodeIgniter\CodeIgniter->handleRequest(null, Object(Config\Cache), false)
 4 SYSTEMPATH\Boot.php(325): CodeIgniter\CodeIgniter->run()
 5 SYSTEMPATH\Boot.php(67): CodeIgniter\Boot::runCodeIgniter(Object(CodeIgniter\CodeIgniter))
 6 FCPATH\index.php(56): CodeIgniter\Boot::bootWeb(Object(Config\Paths))
CRITICAL - 2024-12-13 06:06:20 --> ArgumentCountError: Too few arguments to function App\Controllers\Toko::checkout(), 0 passed in C:\xampp\htdocs\project\system\CodeIgniter.php on line 933 and exactly 1 expected
[Method: GET, Route: toko/checkout]
in APPPATH\Controllers\Toko.php on line 157.
 1 SYSTEMPATH\CodeIgniter.php(933): App\Controllers\Toko->checkout()
 2 SYSTEMPATH\CodeIgniter.php(509): CodeIgniter\CodeIgniter->runController(Object(App\Controllers\Toko))
 3 SYSTEMPATH\CodeIgniter.php(355): CodeIgniter\CodeIgniter->handleRequest(null, Object(Config\Cache), false)
 4 SYSTEMPATH\Boot.php(325): CodeIgniter\CodeIgniter->run()
 5 SYSTEMPATH\Boot.php(67): CodeIgniter\Boot::runCodeIgniter(Object(CodeIgniter\CodeIgniter))
 6 FCPATH\index.php(56): CodeIgniter\Boot::bootWeb(Object(Config\Paths))
CRITICAL - 2024-12-13 06:06:51 --> ArgumentCountError: Too few arguments to function App\Controllers\Toko::checkOut(), 0 passed in C:\xampp\htdocs\project\system\CodeIgniter.php on line 933 and exactly 1 expected
[Method: GET, Route: toko/checkout]
in APPPATH\Controllers\Toko.php on line 157.
 1 SYSTEMPATH\CodeIgniter.php(933): App\Controllers\Toko->checkOut()
 2 SYSTEMPATH\CodeIgniter.php(509): CodeIgniter\CodeIgniter->runController(Object(App\Controllers\Toko))
 3 SYSTEMPATH\CodeIgniter.php(355): CodeIgniter\CodeIgniter->handleRequest(null, Object(Config\Cache), false)
 4 SYSTEMPATH\Boot.php(325): CodeIgniter\CodeIgniter->run()
 5 SYSTEMPATH\Boot.php(67): CodeIgniter\Boot::runCodeIgniter(Object(CodeIgniter\CodeIgniter))
 6 FCPATH\index.php(56): CodeIgniter\Boot::bootWeb(Object(Config\Paths))
CRITICAL - 2024-12-13 06:08:22 --> ArgumentCountError: Too few arguments to function App\Controllers\Toko::pesan(), 0 passed in C:\xampp\htdocs\project\system\CodeIgniter.php on line 933 and exactly 1 expected
[Method: GET, Route: toko/pesan]
in APPPATH\Controllers\Toko.php on line 157.
 1 SYSTEMPATH\CodeIgniter.php(933): App\Controllers\Toko->pesan()
 2 SYSTEMPATH\CodeIgniter.php(509): CodeIgniter\CodeIgniter->runController(Object(App\Controllers\Toko))
 3 SYSTEMPATH\CodeIgniter.php(355): CodeIgniter\CodeIgniter->handleRequest(null, Object(Config\Cache), false)
 4 SYSTEMPATH\Boot.php(325): CodeIgniter\CodeIgniter->run()
 5 SYSTEMPATH\Boot.php(67): CodeIgniter\Boot::runCodeIgniter(Object(CodeIgniter\CodeIgniter))
 6 FCPATH\index.php(56): CodeIgniter\Boot::bootWeb(Object(Config\Paths))
INFO - 2024-12-13 06:31:37 --> Session: Class initialized using 'CodeIgniter\Session\Handlers\FileHandler' driver.
INFO - 2024-12-13 06:32:07 --> Session: Class initialized using 'CodeIgniter\Session\Handlers\FileHandler' driver.
INFO - 2024-12-13 06:48:09 --> Session: Class initialized using 'CodeIgniter\Session\Handlers\FileHandler' driver.
INFO - 2024-12-13 06:48:18 --> Session: Class initialized using 'CodeIgniter\Session\Handlers\FileHandler' driver.
INFO - 2024-12-13 06:48:19 --> Session: Class initialized using 'CodeIgniter\Session\Handlers\FileHandler' driver.
INFO - 2024-12-13 06:48:36 --> Session: Class initialized using 'CodeIgniter\Session\Handlers\FileHandler' driver.
INFO - 2024-12-13 06:48:36 --> Session: Class initialized using 'CodeIgniter\Session\Handlers\FileHandler' driver.
CRITICAL - 2024-12-13 06:50:25 --> Error: Class "App\Filters\AuthFilter" not found
[Method: GET, Route: admin]
in SYSTEMPATH\Filters\Filters.php on line 197.
 1 SYSTEMPATH\Filters\Filters.php(184): CodeIgniter\Filters\Filters->runBefore([...])
 2 SYSTEMPATH\CodeIgniter.php(481): CodeIgniter\Filters\Filters->run('admin', 'before')
 3 SYSTEMPATH\CodeIgniter.php(355): CodeIgniter\CodeIgniter->handleRequest(null, Object(Config\Cache), false)
 4 SYSTEMPATH\Boot.php(325): CodeIgniter\CodeIgniter->run()
 5 SYSTEMPATH\Boot.php(67): CodeIgniter\Boot::runCodeIgniter(Object(CodeIgniter\CodeIgniter))
 6 FCPATH\index.php(56): CodeIgniter\Boot::bootWeb(Object(Config\Paths))
CRITICAL - 2024-12-13 09:05:28 --> Error: Call to a member function contents() on null
[Method: GET, Route: toko/pesan]
in APPPATH\Controllers\OrderController.php on line 20.
 1 SYSTEMPATH\CodeIgniter.php(933): App\Controllers\OrderController->checkout()
 2 SYSTEMPATH\CodeIgniter.php(509): CodeIgniter\CodeIgniter->runController(Object(App\Controllers\OrderController))
 3 SYSTEMPATH\CodeIgniter.php(355): CodeIgniter\CodeIgniter->handleRequest(null, Object(Config\Cache), false)
 4 SYSTEMPATH\Boot.php(325): CodeIgniter\CodeIgniter->run()
 5 SYSTEMPATH\Boot.php(67): CodeIgniter\Boot::runCodeIgniter(Object(CodeIgniter\CodeIgniter))
 6 FCPATH\index.php(56): CodeIgniter\Boot::bootWeb(Object(Config\Paths))
CRITICAL - 2024-12-13 09:12:40 --> ErrorException: Undefined array key "id"
[Method: GET, Route: toko]
in APPPATH\Views\user\tampilan.php on line 30.
 1 APPPATH\Views\user\tampilan.php(30): CodeIgniter\Debug\Exceptions->errorHandler(2, 'Undefined array key "id"', 'C:\\xampp\\htdocs\\project\\app\\Views\\user\\tampilan.php', 30)
 2 SYSTEMPATH\View\View.php(234): include('C:\\xampp\\htdocs\\project\\app\\Views\\user\\tampilan.php')
 3 SYSTEMPATH\View\View.php(237): CodeIgniter\View\View->CodeIgniter\View\{closure}()
 4 SYSTEMPATH\Common.php(1171): CodeIgniter\View\View->render('user/tampilan', [], true)
 5 APPPATH\Controllers\Toko.php(30): view('user/tampilan', [...])
 6 SYSTEMPATH\CodeIgniter.php(933): App\Controllers\Toko->tampilan()
 7 SYSTEMPATH\CodeIgniter.php(509): CodeIgniter\CodeIgniter->runController(Object(App\Controllers\Toko))
 8 SYSTEMPATH\CodeIgniter.php(355): CodeIgniter\CodeIgniter->handleRequest(null, Object(Config\Cache), false)
 9 SYSTEMPATH\Boot.php(325): CodeIgniter\CodeIgniter->run()
10 SYSTEMPATH\Boot.php(67): CodeIgniter\Boot::runCodeIgniter(Object(CodeIgniter\CodeIgniter))
11 FCPATH\index.php(56): CodeIgniter\Boot::bootWeb(Object(Config\Paths))
CRITICAL - 2024-12-13 09:12:41 --> ErrorException: Undefined array key "id"
[Method: GET, Route: toko]
in APPPATH\Views\user\tampilan.php on line 30.
 1 APPPATH\Views\user\tampilan.php(30): CodeIgniter\Debug\Exceptions->errorHandler(2, 'Undefined array key "id"', 'C:\\xampp\\htdocs\\project\\app\\Views\\user\\tampilan.php', 30)
 2 SYSTEMPATH\View\View.php(234): include('C:\\xampp\\htdocs\\project\\app\\Views\\user\\tampilan.php')
 3 SYSTEMPATH\View\View.php(237): CodeIgniter\View\View->CodeIgniter\View\{closure}()
 4 SYSTEMPATH\Common.php(1171): CodeIgniter\View\View->render('user/tampilan', [], true)
 5 APPPATH\Controllers\Toko.php(30): view('user/tampilan', [...])
 6 SYSTEMPATH\CodeIgniter.php(933): App\Controllers\Toko->tampilan()
 7 SYSTEMPATH\CodeIgniter.php(509): CodeIgniter\CodeIgniter->runController(Object(App\Controllers\Toko))
 8 SYSTEMPATH\CodeIgniter.php(355): CodeIgniter\CodeIgniter->handleRequest(null, Object(Config\Cache), false)
 9 SYSTEMPATH\Boot.php(325): CodeIgniter\CodeIgniter->run()
10 SYSTEMPATH\Boot.php(67): CodeIgniter\Boot::runCodeIgniter(Object(CodeIgniter\CodeIgniter))
11 FCPATH\index.php(56): CodeIgniter\Boot::bootWeb(Object(Config\Paths))
CRITICAL - 2024-12-13 09:13:14 --> ErrorException: Undefined array key "id"
[Method: GET, Route: toko]
in APPPATH\Views\user\tampilan.php on line 38.
 1 APPPATH\Views\user\tampilan.php(38): CodeIgniter\Debug\Exceptions->errorHandler(2, 'Undefined array key "id"', 'C:\\xampp\\htdocs\\project\\app\\Views\\user\\tampilan.php', 38)
 2 SYSTEMPATH\View\View.php(234): include('C:\\xampp\\htdocs\\project\\app\\Views\\user\\tampilan.php')
 3 SYSTEMPATH\View\View.php(237): CodeIgniter\View\View->CodeIgniter\View\{closure}()
 4 SYSTEMPATH\Common.php(1171): CodeIgniter\View\View->render('user/tampilan', [], true)
 5 APPPATH\Controllers\Toko.php(30): view('user/tampilan', [...])
 6 SYSTEMPATH\CodeIgniter.php(933): App\Controllers\Toko->tampilan()
 7 SYSTEMPATH\CodeIgniter.php(509): CodeIgniter\CodeIgniter->runController(Object(App\Controllers\Toko))
 8 SYSTEMPATH\CodeIgniter.php(355): CodeIgniter\CodeIgniter->handleRequest(null, Object(Config\Cache), false)
 9 SYSTEMPATH\Boot.php(325): CodeIgniter\CodeIgniter->run()
10 SYSTEMPATH\Boot.php(67): CodeIgniter\Boot::runCodeIgniter(Object(CodeIgniter\CodeIgniter))
11 FCPATH\index.php(56): CodeIgniter\Boot::bootWeb(Object(Config\Paths))
ERROR - 2024-12-13 09:13:28 --> mysqli_sql_exception: Unknown column 'barang.id' in 'where clause' in C:\xampp\htdocs\project\system\Database\MySQLi\Connection.php:312
Stack trace:
#0 C:\xampp\htdocs\project\system\Database\MySQLi\Connection.php(312): mysqli->query('SELECT *\nFROM `...', 0)
#1 C:\xampp\htdocs\project\system\Database\BaseConnection.php(734): CodeIgniter\Database\MySQLi\Connection->execute('SELECT *\nFROM `...')
#2 C:\xampp\htdocs\project\system\Database\BaseConnection.php(648): CodeIgniter\Database\BaseConnection->simpleQuery('SELECT *\nFROM `...')
#3 C:\xampp\htdocs\project\system\Database\BaseBuilder.php(1644): CodeIgniter\Database\BaseConnection->query('SELECT *\nFROM `...', Array, false)
#4 C:\xampp\htdocs\project\system\Model.php(210): CodeIgniter\Database\BaseBuilder->get()
#5 C:\xampp\htdocs\project\system\BaseModel.php(610): CodeIgniter\Model->doFind(true, '8')
#6 C:\xampp\htdocs\project\app\Controllers\Toko.php(120): CodeIgniter\BaseModel->find('8')
#7 C:\xampp\htdocs\project\system\CodeIgniter.php(933): App\Controllers\Toko->addToCart('8')
#8 C:\xampp\htdocs\project\system\CodeIgniter.php(509): CodeIgniter\CodeIgniter->runController(Object(App\Controllers\Toko))
#9 C:\xampp\htdocs\project\system\CodeIgniter.php(355): CodeIgniter\CodeIgniter->handleRequest(NULL, Object(Config\Cache), false)
#10 C:\xampp\htdocs\project\system\Boot.php(325): CodeIgniter\CodeIgniter->run()
#11 C:\xampp\htdocs\project\system\Boot.php(67): CodeIgniter\Boot::runCodeIgniter(Object(CodeIgniter\CodeIgniter))
#12 C:\xampp\htdocs\project\public\index.php(56): CodeIgniter\Boot::bootWeb(Object(Config\Paths))
#13 {main}
CRITICAL - 2024-12-13 09:13:28 --> CodeIgniter\Database\Exceptions\DatabaseException: Unknown column 'barang.id' in 'where clause'
[Method: POST, Route: toko/addToCart/8]
in SYSTEMPATH\Database\BaseConnection.php on line 688.
 1 SYSTEMPATH\Database\BaseBuilder.php(1644): CodeIgniter\Database\BaseConnection->query('SELECT *
FROM `barang`
WHERE `barang`.`id` = :barang.id:', [...], false)
 2 SYSTEMPATH\Model.php(210): CodeIgniter\Database\BaseBuilder->get()
 3 SYSTEMPATH\BaseModel.php(610): CodeIgniter\Model->doFind(true, '8')
 4 APPPATH\Controllers\Toko.php(120): CodeIgniter\BaseModel->find('8')
 5 SYSTEMPATH\CodeIgniter.php(933): App\Controllers\Toko->addToCart('8')
 6 SYSTEMPATH\CodeIgniter.php(509): CodeIgniter\CodeIgniter->runController(Object(App\Controllers\Toko))
 7 SYSTEMPATH\CodeIgniter.php(355): CodeIgniter\CodeIgniter->handleRequest(null, Object(Config\Cache), false)
 8 SYSTEMPATH\Boot.php(325): CodeIgniter\CodeIgniter->run()
 9 SYSTEMPATH\Boot.php(67): CodeIgniter\Boot::runCodeIgniter(Object(CodeIgniter\CodeIgniter))
10 FCPATH\index.php(56): CodeIgniter\Boot::bootWeb(Object(Config\Paths))
CRITICAL - 2024-12-13 09:13:28 --> [Caused by] CodeIgniter\Database\Exceptions\DatabaseException: Unknown column 'barang.id' in 'where clause'
in SYSTEMPATH\Database\MySQLi\Connection.php on line 317.
 1 SYSTEMPATH\Database\BaseConnection.php(734): CodeIgniter\Database\MySQLi\Connection->execute('SELECT *
FROM `barang`
WHERE `barang`.`id` = \'8\'')
 2 SYSTEMPATH\Database\BaseConnection.php(648): CodeIgniter\Database\BaseConnection->simpleQuery('SELECT *
FROM `barang`
WHERE `barang`.`id` = \'8\'')
 3 SYSTEMPATH\Database\BaseBuilder.php(1644): CodeIgniter\Database\BaseConnection->query('SELECT *
FROM `barang`
WHERE `barang`.`id` = :barang.id:', [...], false)
 4 SYSTEMPATH\Model.php(210): CodeIgniter\Database\BaseBuilder->get()
 5 SYSTEMPATH\BaseModel.php(610): CodeIgniter\Model->doFind(true, '8')
 6 APPPATH\Controllers\Toko.php(120): CodeIgniter\BaseModel->find('8')
 7 SYSTEMPATH\CodeIgniter.php(933): App\Controllers\Toko->addToCart('8')
 8 SYSTEMPATH\CodeIgniter.php(509): CodeIgniter\CodeIgniter->runController(Object(App\Controllers\Toko))
 9 SYSTEMPATH\CodeIgniter.php(355): CodeIgniter\CodeIgniter->handleRequest(null, Object(Config\Cache), false)
10 SYSTEMPATH\Boot.php(325): CodeIgniter\CodeIgniter->run()
11 SYSTEMPATH\Boot.php(67): CodeIgniter\Boot::runCodeIgniter(Object(CodeIgniter\CodeIgniter))
12 FCPATH\index.php(56): CodeIgniter\Boot::bootWeb(Object(Config\Paths))
CRITICAL - 2024-12-13 09:13:28 --> [Caused by] mysqli_sql_exception: Unknown column 'barang.id' in 'where clause'
in SYSTEMPATH\Database\MySQLi\Connection.php on line 312.
 1 SYSTEMPATH\Database\MySQLi\Connection.php(312): mysqli->query('SELECT *
FROM `barang`
WHERE `barang`.`id` = \'8\'', 0)
 2 SYSTEMPATH\Database\BaseConnection.php(734): CodeIgniter\Database\MySQLi\Connection->execute('SELECT *
FROM `barang`
WHERE `barang`.`id` = \'8\'')
 3 SYSTEMPATH\Database\BaseConnection.php(648): CodeIgniter\Database\BaseConnection->simpleQuery('SELECT *
FROM `barang`
WHERE `barang`.`id` = \'8\'')
 4 SYSTEMPATH\Database\BaseBuilder.php(1644): CodeIgniter\Database\BaseConnection->query('SELECT *
FROM `barang`
WHERE `barang`.`id` = :barang.id:', [...], false)
 5 SYSTEMPATH\Model.php(210): CodeIgniter\Database\BaseBuilder->get()
 6 SYSTEMPATH\BaseModel.php(610): CodeIgniter\Model->doFind(true, '8')
 7 APPPATH\Controllers\Toko.php(120): CodeIgniter\BaseModel->find('8')
 8 SYSTEMPATH\CodeIgniter.php(933): App\Controllers\Toko->addToCart('8')
 9 SYSTEMPATH\CodeIgniter.php(509): CodeIgniter\CodeIgniter->runController(Object(App\Controllers\Toko))
10 SYSTEMPATH\CodeIgniter.php(355): CodeIgniter\CodeIgniter->handleRequest(null, Object(Config\Cache), false)
11 SYSTEMPATH\Boot.php(325): CodeIgniter\CodeIgniter->run()
12 SYSTEMPATH\Boot.php(67): CodeIgniter\Boot::runCodeIgniter(Object(CodeIgniter\CodeIgniter))
13 FCPATH\index.php(56): CodeIgniter\Boot::bootWeb(Object(Config\Paths))
CRITICAL - 2024-12-13 09:13:54 --> ErrorException: Undefined array key "id"
[Method: POST, Route: toko/addToCart/8]
in APPPATH\Controllers\Toko.php on line 131.
 1 APPPATH\Controllers\Toko.php(131): CodeIgniter\Debug\Exceptions->errorHandler(2, 'Undefined array key "id"', 'C:\\xampp\\htdocs\\project\\app\\Controllers\\Toko.php', 131)
 2 SYSTEMPATH\CodeIgniter.php(933): App\Controllers\Toko->addToCart('8')
 3 SYSTEMPATH\CodeIgniter.php(509): CodeIgniter\CodeIgniter->runController(Object(App\Controllers\Toko))
 4 SYSTEMPATH\CodeIgniter.php(355): CodeIgniter\CodeIgniter->handleRequest(null, Object(Config\Cache), false)
 5 SYSTEMPATH\Boot.php(325): CodeIgniter\CodeIgniter->run()
 6 SYSTEMPATH\Boot.php(67): CodeIgniter\Boot::runCodeIgniter(Object(CodeIgniter\CodeIgniter))
 7 FCPATH\index.php(56): CodeIgniter\Boot::bootWeb(Object(Config\Paths))
INFO - 2024-12-13 09:14:42 --> Session: Class initialized using 'CodeIgniter\Session\Handlers\FileHandler' driver.
INFO - 2024-12-13 09:14:49 --> Session: Class initialized using 'CodeIgniter\Session\Handlers\FileHandler' driver.
INFO - 2024-12-13 09:14:54 --> Session: Class initialized using 'CodeIgniter\Session\Handlers\FileHandler' driver.
INFO - 2024-12-13 09:15:01 --> Session: Class initialized using 'CodeIgniter\Session\Handlers\FileHandler' driver.
INFO - 2024-12-13 09:17:05 --> Session: Class initialized using 'CodeIgniter\Session\Handlers\FileHandler' driver.
CRITICAL - 2024-12-13 09:17:05 --> ErrorException: Undefined array key "id"
[Method: GET, Route: toko]
in APPPATH\Views\user\navbar.php on line 62.
 1 APPPATH\Views\user\navbar.php(62): CodeIgniter\Debug\Exceptions->errorHandler(2, 'Undefined array key "id"', 'C:\\xampp\\htdocs\\project\\app\\Views\\user\\navbar.php', 62)
 2 APPPATH\Views\user\tampilan.php(19): include('C:\\xampp\\htdocs\\project\\app\\Views\\user\\navbar.php')
 3 SYSTEMPATH\View\View.php(234): include('C:\\xampp\\htdocs\\project\\app\\Views\\user\\tampilan.php')
 4 SYSTEMPATH\View\View.php(237): CodeIgniter\View\View->CodeIgniter\View\{closure}()
 5 SYSTEMPATH\Common.php(1171): CodeIgniter\View\View->render('user/tampilan', [], true)
 6 APPPATH\Controllers\Toko.php(30): view('user/tampilan', [...])
 7 SYSTEMPATH\CodeIgniter.php(933): App\Controllers\Toko->tampilan()
 8 SYSTEMPATH\CodeIgniter.php(509): CodeIgniter\CodeIgniter->runController(Object(App\Controllers\Toko))
 9 SYSTEMPATH\CodeIgniter.php(355): CodeIgniter\CodeIgniter->handleRequest(null, Object(Config\Cache), false)
10 SYSTEMPATH\Boot.php(325): CodeIgniter\CodeIgniter->run()
11 SYSTEMPATH\Boot.php(67): CodeIgniter\Boot::runCodeIgniter(Object(CodeIgniter\CodeIgniter))
12 FCPATH\index.php(56): CodeIgniter\Boot::bootWeb(Object(Config\Paths))
INFO - 2024-12-13 09:17:33 --> Session: Class initialized using 'CodeIgniter\Session\Handlers\FileHandler' driver.
ERROR - 2024-12-13 12:42:26 --> Error connecting to the database: ErrorException: mysqli::real_connect(): Error while reading greeting packet. PID=29780 in C:\xampp\htdocs\project\system\Database\MySQLi\Connection.php:186
Stack trace:
#0 [internal function]: CodeIgniter\Debug\Exceptions->errorHandler(2, 'mysqli::real_co...', 'C:\\xampp\\htdocs...', 186)
#1 C:\xampp\htdocs\project\system\Database\MySQLi\Connection.php(186): mysqli->real_connect('localhost', 'root', Object(SensitiveParameterValue), 'gudang', 3306, '', 0)
#2 C:\xampp\htdocs\project\system\Database\BaseConnection.php(421): CodeIgniter\Database\MySQLi\Connection->connect(false)
#3 C:\xampp\htdocs\project\system\Database\BaseConnection.php(616): CodeIgniter\Database\BaseConnection->initialize()
#4 C:\xampp\htdocs\project\system\Database\BaseBuilder.php(1644): CodeIgniter\Database\BaseConnection->query('SELECT *\nFROM `...', Array, false)
#5 C:\xampp\htdocs\project\system\Model.php(286): CodeIgniter\Database\BaseBuilder->get()
#6 C:\xampp\htdocs\project\system\BaseModel.php(676): CodeIgniter\Model->doFindAll(0, 0)
#7 C:\xampp\htdocs\project\app\Controllers\OrderController.php(12): CodeIgniter\BaseModel->findAll()
#8 C:\xampp\htdocs\project\system\CodeIgniter.php(933): App\Controllers\OrderController->index()
#9 C:\xampp\htdocs\project\system\CodeIgniter.php(509): CodeIgniter\CodeIgniter->runController(Object(App\Controllers\OrderController))
#10 C:\xampp\htdocs\project\system\CodeIgniter.php(355): CodeIgniter\CodeIgniter->handleRequest(NULL, Object(Config\Cache), false)
#11 C:\xampp\htdocs\project\system\Boot.php(325): CodeIgniter\CodeIgniter->run()
#12 C:\xampp\htdocs\project\system\Boot.php(67): CodeIgniter\Boot::runCodeIgniter(Object(CodeIgniter\CodeIgniter))
#13 C:\xampp\htdocs\project\public\index.php(56): CodeIgniter\Boot::bootWeb(Object(Config\Paths))
#14 {main}

Next mysqli_sql_exception: MySQL server has gone away in C:\xampp\htdocs\project\system\Database\MySQLi\Connection.php:186
Stack trace:
#0 C:\xampp\htdocs\project\system\Database\MySQLi\Connection.php(186): mysqli->real_connect('localhost', 'root', Object(SensitiveParameterValue), 'gudang', 3306, '', 0)
#1 C:\xampp\htdocs\project\system\Database\BaseConnection.php(421): CodeIgniter\Database\MySQLi\Connection->connect(false)
#2 C:\xampp\htdocs\project\system\Database\BaseConnection.php(616): CodeIgniter\Database\BaseConnection->initialize()
#3 C:\xampp\htdocs\project\system\Database\BaseBuilder.php(1644): CodeIgniter\Database\BaseConnection->query('SELECT *\nFROM `...', Array, false)
#4 C:\xampp\htdocs\project\system\Model.php(286): CodeIgniter\Database\BaseBuilder->get()
#5 C:\xampp\htdocs\project\system\BaseModel.php(676): CodeIgniter\Model->doFindAll(0, 0)
#6 C:\xampp\htdocs\project\app\Controllers\OrderController.php(12): CodeIgniter\BaseModel->findAll()
#7 C:\xampp\htdocs\project\system\CodeIgniter.php(933): App\Controllers\OrderController->index()
#8 C:\xampp\htdocs\project\system\CodeIgniter.php(509): CodeIgniter\CodeIgniter->runController(Object(App\Controllers\OrderController))
#9 C:\xampp\htdocs\project\system\CodeIgniter.php(355): CodeIgniter\CodeIgniter->handleRequest(NULL, Object(Config\Cache), false)
#10 C:\xampp\htdocs\project\system\Boot.php(325): CodeIgniter\CodeIgniter->run()
#11 C:\xampp\htdocs\project\system\Boot.php(67): CodeIgniter\Boot::runCodeIgniter(Object(CodeIgniter\CodeIgniter))
#12 C:\xampp\htdocs\project\public\index.php(56): CodeIgniter\Boot::bootWeb(Object(Config\Paths))
#13 {main}

Next CodeIgniter\Database\Exceptions\DatabaseException: MySQL server has gone away in C:\xampp\htdocs\project\system\Database\MySQLi\Connection.php:231
Stack trace:
#0 C:\xampp\htdocs\project\system\Database\BaseConnection.php(421): CodeIgniter\Database\MySQLi\Connection->connect(false)
#1 C:\xampp\htdocs\project\system\Database\BaseConnection.php(616): CodeIgniter\Database\BaseConnection->initialize()
#2 C:\xampp\htdocs\project\system\Database\BaseBuilder.php(1644): CodeIgniter\Database\BaseConnection->query('SELECT *\nFROM `...', Array, false)
#3 C:\xampp\htdocs\project\system\Model.php(286): CodeIgniter\Database\BaseBuilder->get()
#4 C:\xampp\htdocs\project\system\BaseModel.php(676): CodeIgniter\Model->doFindAll(0, 0)
#5 C:\xampp\htdocs\project\app\Controllers\OrderController.php(12): CodeIgniter\BaseModel->findAll()
#6 C:\xampp\htdocs\project\system\CodeIgniter.php(933): App\Controllers\OrderController->index()
#7 C:\xampp\htdocs\project\system\CodeIgniter.php(509): CodeIgniter\CodeIgniter->runController(Object(App\Controllers\OrderController))
#8 C:\xampp\htdocs\project\system\CodeIgniter.php(355): CodeIgniter\CodeIgniter->handleRequest(NULL, Object(Config\Cache), false)
#9 C:\xampp\htdocs\project\system\Boot.php(325): CodeIgniter\CodeIgniter->run()
#10 C:\xampp\htdocs\project\system\Boot.php(67): CodeIgniter\Boot::runCodeIgniter(Object(CodeIgniter\CodeIgniter))
#11 C:\xampp\htdocs\project\public\index.php(56): CodeIgniter\Boot::bootWeb(Object(Config\Paths))
#12 {main}
ERROR - 2024-12-13 12:42:26 --> Error connecting to the database: ErrorException: mysqli::real_connect(): Error while reading greeting packet. PID=29780 in C:\xampp\htdocs\project\system\Database\MySQLi\Connection.php:186
Stack trace:
#0 [internal function]: CodeIgniter\Debug\Exceptions->errorHandler(2, 'mysqli::real_co...', 'C:\\xampp\\htdocs...', 186)
#1 C:\xampp\htdocs\project\system\Database\MySQLi\Connection.php(186): mysqli->real_connect('localhost', 'root', Object(SensitiveParameterValue), 'gudang', 3306, '', 0)
#2 C:\xampp\htdocs\project\system\Database\BaseConnection.php(421): CodeIgniter\Database\MySQLi\Connection->connect(false)
#3 C:\xampp\htdocs\project\system\Database\BaseConnection.php(616): CodeIgniter\Database\BaseConnection->initialize()
#4 C:\xampp\htdocs\project\system\Database\BaseBuilder.php(1644): CodeIgniter\Database\BaseConnection->query('SELECT *\nFROM `...', Array, false)
#5 C:\xampp\htdocs\project\system\Model.php(286): CodeIgniter\Database\BaseBuilder->get()
#6 C:\xampp\htdocs\project\system\BaseModel.php(676): CodeIgniter\Model->doFindAll(0, 0)
#7 C:\xampp\htdocs\project\app\Controllers\OrderController.php(12): CodeIgniter\BaseModel->findAll()
#8 C:\xampp\htdocs\project\system\CodeIgniter.php(933): App\Controllers\OrderController->index()
#9 C:\xampp\htdocs\project\system\CodeIgniter.php(509): CodeIgniter\CodeIgniter->runController(Object(App\Controllers\OrderController))
#10 C:\xampp\htdocs\project\system\CodeIgniter.php(355): CodeIgniter\CodeIgniter->handleRequest(NULL, Object(Config\Cache), false)
#11 C:\xampp\htdocs\project\system\Boot.php(325): CodeIgniter\CodeIgniter->run()
#12 C:\xampp\htdocs\project\system\Boot.php(67): CodeIgniter\Boot::runCodeIgniter(Object(CodeIgniter\CodeIgniter))
#13 C:\xampp\htdocs\project\public\index.php(56): CodeIgniter\Boot::bootWeb(Object(Config\Paths))
#14 {main}

Next mysqli_sql_exception: MySQL server has gone away in C:\xampp\htdocs\project\system\Database\MySQLi\Connection.php:186
Stack trace:
#0 C:\xampp\htdocs\project\system\Database\MySQLi\Connection.php(186): mysqli->real_connect('localhost', 'root', Object(SensitiveParameterValue), 'gudang', 3306, '', 0)
#1 C:\xampp\htdocs\project\system\Database\BaseConnection.php(421): CodeIgniter\Database\MySQLi\Connection->connect(false)
#2 C:\xampp\htdocs\project\system\Database\BaseConnection.php(616): CodeIgniter\Database\BaseConnection->initialize()
#3 C:\xampp\htdocs\project\system\Database\BaseBuilder.php(1644): CodeIgniter\Database\BaseConnection->query('SELECT *\nFROM `...', Array, false)
#4 C:\xampp\htdocs\project\system\Model.php(286): CodeIgniter\Database\BaseBuilder->get()
#5 C:\xampp\htdocs\project\system\BaseModel.php(676): CodeIgniter\Model->doFindAll(0, 0)
#6 C:\xampp\htdocs\project\app\Controllers\OrderController.php(12): CodeIgniter\BaseModel->findAll()
#7 C:\xampp\htdocs\project\system\CodeIgniter.php(933): App\Controllers\OrderController->index()
#8 C:\xampp\htdocs\project\system\CodeIgniter.php(509): CodeIgniter\CodeIgniter->runController(Object(App\Controllers\OrderController))
#9 C:\xampp\htdocs\project\system\CodeIgniter.php(355): CodeIgniter\CodeIgniter->handleRequest(NULL, Object(Config\Cache), false)
#10 C:\xampp\htdocs\project\system\Boot.php(325): CodeIgniter\CodeIgniter->run()
#11 C:\xampp\htdocs\project\system\Boot.php(67): CodeIgniter\Boot::runCodeIgniter(Object(CodeIgniter\CodeIgniter))
#12 C:\xampp\htdocs\project\public\index.php(56): CodeIgniter\Boot::bootWeb(Object(Config\Paths))
#13 {main}

Next CodeIgniter\Database\Exceptions\DatabaseException: MySQL server has gone away in C:\xampp\htdocs\project\system\Database\MySQLi\Connection.php:231
Stack trace:
#0 C:\xampp\htdocs\project\system\Database\BaseConnection.php(421): CodeIgniter\Database\MySQLi\Connection->connect(false)
#1 C:\xampp\htdocs\project\system\Database\BaseConnection.php(616): CodeIgniter\Database\BaseConnection->initialize()
#2 C:\xampp\htdocs\project\system\Database\BaseBuilder.php(1644): CodeIgniter\Database\BaseConnection->query('SELECT *\nFROM `...', Array, false)
#3 C:\xampp\htdocs\project\system\Model.php(286): CodeIgniter\Database\BaseBuilder->get()
#4 C:\xampp\htdocs\project\system\BaseModel.php(676): CodeIgniter\Model->doFindAll(0, 0)
#5 C:\xampp\htdocs\project\app\Controllers\OrderController.php(12): CodeIgniter\BaseModel->findAll()
#6 C:\xampp\htdocs\project\system\CodeIgniter.php(933): App\Controllers\OrderController->index()
#7 C:\xampp\htdocs\project\system\CodeIgniter.php(509): CodeIgniter\CodeIgniter->runController(Object(App\Controllers\OrderController))
#8 C:\xampp\htdocs\project\system\CodeIgniter.php(355): CodeIgniter\CodeIgniter->handleRequest(NULL, Object(Config\Cache), false)
#9 C:\xampp\htdocs\project\system\Boot.php(325): CodeIgniter\CodeIgniter->run()
#10 C:\xampp\htdocs\project\system\Boot.php(67): CodeIgniter\Boot::runCodeIgniter(Object(CodeIgniter\CodeIgniter))
#11 C:\xampp\htdocs\project\public\index.php(56): CodeIgniter\Boot::bootWeb(Object(Config\Paths))
#12 {main}
CRITICAL - 2024-12-13 12:42:26 --> CodeIgniter\Database\Exceptions\DatabaseException: Unable to connect to the database.
Main connection [MySQLi]: MySQL server has gone away
[Method: GET, Route: toko/admin/pesanan]
in SYSTEMPATH\Database\BaseConnection.php on line 467.
 1 SYSTEMPATH\Database\BaseConnection.php(616): CodeIgniter\Database\BaseConnection->initialize()
 2 SYSTEMPATH\Database\BaseBuilder.php(1644): CodeIgniter\Database\BaseConnection->query('SELECT *
FROM `order`', [], false)
 3 SYSTEMPATH\Model.php(286): CodeIgniter\Database\BaseBuilder->get()
 4 SYSTEMPATH\BaseModel.php(676): CodeIgniter\Model->doFindAll(0, 0)
 5 APPPATH\Controllers\OrderController.php(12): CodeIgniter\BaseModel->findAll()
 6 SYSTEMPATH\CodeIgniter.php(933): App\Controllers\OrderController->index()
 7 SYSTEMPATH\CodeIgniter.php(509): CodeIgniter\CodeIgniter->runController(Object(App\Controllers\OrderController))
 8 SYSTEMPATH\CodeIgniter.php(355): CodeIgniter\CodeIgniter->handleRequest(null, Object(Config\Cache), false)
 9 SYSTEMPATH\Boot.php(325): CodeIgniter\CodeIgniter->run()
10 SYSTEMPATH\Boot.php(67): CodeIgniter\Boot::runCodeIgniter(Object(CodeIgniter\CodeIgniter))
11 FCPATH\index.php(56): CodeIgniter\Boot::bootWeb(Object(Config\Paths))
CRITICAL - 2024-12-13 12:42:26 --> CodeIgniter\Database\Exceptions\DatabaseException: Unable to connect to the database.
Main connection [MySQLi]: MySQL server has gone away
[Method: GET, Route: toko/admin/pesanan]
in SYSTEMPATH\Database\BaseConnection.php on line 467.
 1 SYSTEMPATH\Database\BaseConnection.php(616): CodeIgniter\Database\BaseConnection->initialize()
 2 SYSTEMPATH\Database\BaseBuilder.php(1644): CodeIgniter\Database\BaseConnection->query('SELECT *
FROM `order`', [], false)
 3 SYSTEMPATH\Model.php(286): CodeIgniter\Database\BaseBuilder->get()
 4 SYSTEMPATH\BaseModel.php(676): CodeIgniter\Model->doFindAll(0, 0)
 5 APPPATH\Controllers\OrderController.php(12): CodeIgniter\BaseModel->findAll()
 6 SYSTEMPATH\CodeIgniter.php(933): App\Controllers\OrderController->index()
 7 SYSTEMPATH\CodeIgniter.php(509): CodeIgniter\CodeIgniter->runController(Object(App\Controllers\OrderController))
 8 SYSTEMPATH\CodeIgniter.php(355): CodeIgniter\CodeIgniter->handleRequest(null, Object(Config\Cache), false)
 9 SYSTEMPATH\Boot.php(325): CodeIgniter\CodeIgniter->run()
10 SYSTEMPATH\Boot.php(67): CodeIgniter\Boot::runCodeIgniter(Object(CodeIgniter\CodeIgniter))
11 FCPATH\index.php(56): CodeIgniter\Boot::bootWeb(Object(Config\Paths))
